  ArrivalEvent.cpp
C:\Users\DELL\OneDrive\Desktop\New folder (4)\Restaurant-System-Simulation\Restaurant\Generic_DS\PriorityQueue.h(21,1): warning C4812: obsolete declaration style: please use 'PriorityQueue<T>::PriorityQueue' instead
  CancellationEvent.cpp
C:\Users\DELL\OneDrive\Desktop\New folder (4)\Restaurant-System-Simulation\Restaurant\Generic_DS\PriorityQueue.h(21,1): warning C4812: obsolete declaration style: please use 'PriorityQueue<T>::PriorityQueue' instead
  PromotionEvent.cpp
C:\Users\DELL\OneDrive\Desktop\New folder (4)\Restaurant-System-Simulation\Restaurant\Generic_DS\PriorityQueue.h(21,1): warning C4812: obsolete declaration style: please use 'PriorityQueue<T>::PriorityQueue' instead
  Main.cpp
C:\Users\DELL\OneDrive\Desktop\New folder (4)\Restaurant-System-Simulation\Restaurant\Generic_DS\PriorityQueue.h(21,1): warning C4812: obsolete declaration style: please use 'PriorityQueue<T>::PriorityQueue' instead
  Restaurant.cpp
C:\Users\DELL\OneDrive\Desktop\New folder (4)\Restaurant-System-Simulation\Restaurant\Generic_DS\PriorityQueue.h(21,1): warning C4812: obsolete declaration style: please use 'PriorityQueue<T>::PriorityQueue' instead
C:\Users\DELL\OneDrive\Desktop\New folder (4)\Restaurant-System-Simulation\Restaurant\Rest\Restaurant.cpp(240,14): warning C4244: 'argument': conversion from 'time_t' to 'unsigned int', possible loss of data
C:\Users\DELL\OneDrive\Desktop\New folder (4)\Restaurant-System-Simulation\Restaurant\Rest\Restaurant.cpp(237,11): warning C4101: 'pOrd': unreferenced local variable
C:\Users\DELL\OneDrive\Desktop\New folder (4)\Restaurant-System-Simulation\Restaurant\Rest\Restaurant.cpp(630,8): warning C4244: 'initializing': conversion from 'double' to 'int', possible loss of data
C:\Users\DELL\OneDrive\Desktop\New folder (4)\Restaurant-System-Simulation\Restaurant\Generic_DS\PriorityQueue.h(21,1): warning C4812: obsolete declaration style: please use 'PriorityQueue<Order *>::PriorityQueue' instead
C:\Users\DELL\OneDrive\Desktop\New folder (4)\Restaurant-System-Simulation\Restaurant\Generic_DS\PriorityQueue.h(22): message : while compiling class template member function 'PriorityQueue<Order *>::PriorityQueue(void)'
C:\Users\DELL\OneDrive\Desktop\New folder (4)\Restaurant-System-Simulation\Restaurant\Rest\Restaurant.cpp(12): message : see reference to function template instantiation 'PriorityQueue<Order *>::PriorityQueue(void)' being compiled
C:\Users\DELL\OneDrive\Desktop\New folder (4)\Restaurant-System-Simulation\Restaurant\Rest\Restaurant.h(22): message : see reference to class template instantiation 'PriorityQueue<Order *>' being compiled
  Generating Code...
C:\Users\DELL\OneDrive\Desktop\New folder (4)\Restaurant-System-Simulation\Restaurant\Rest\Restaurant.cpp(660): warning C4172: returning address of local variable or temporary: PromotedOrder
  Restaurant.vcxproj -> C:\Users\DELL\OneDrive\Desktop\New folder (4)\Restaurant-System-Simulation\Debug\Restaurant.exe
